{"error":"Cannot read properties of undefined (reading 'records')","level":"error","message":"Error getting for-you dramas","requestId":"072b98e2-63ba-4bc6-950c-91f4cab4ed2d","service":"dramabox-api-gateway","timestamp":"2026-03-04T22:29:33.649Z"}
{"error":"Cannot read properties of undefined (reading 'records')","ip":"::1","level":"error","message":"Unhandled error:","method":"GET","service":"dramabox-api-gateway","stack":"TypeError: Cannot read properties of undefined (reading 'records')\n    at foryou (file:///C:/Users/FAHMIO/Downloads/Compressed/dracin-api-gateway/lib/dramabox.js:493:43)\n    at process.processTicksAndRejections (node:internal/process/task_queues:105:5)\n    at async getForYou (file:///C:/Users/FAHMIO/Downloads/Compressed/dracin-api-gateway/src/controllers/drama.controller.js:79:20)","timestamp":"2026-03-04T22:29:33.651Z","url":"/dramabox/for-you"}
{"level":"error","message":"🚨 [42000005973] Skip idx 21.","service":"dramabox-api-gateway","timestamp":"2026-03-04T22:33:06.475Z"}
{"level":"error","message":"🚨 [42000005973] Skip idx 26.","service":"dramabox-api-gateway","timestamp":"2026-03-04T22:33:14.470Z"}
{"level":"error","message":"💀 [42000005973] Terlalu banyak error beruntun. Stop.","service":"dramabox-api-gateway","timestamp":"2026-03-04T22:33:14.470Z"}
{"level":"error","message":"Invalid video data structure","service":"dramabox-api-gateway","timestamp":"2026-03-04T22:35:34.450Z"}
{"level":"error","message":"Invalid video data structure","service":"dramabox-api-gateway","timestamp":"2026-03-04T22:36:37.244Z"}
{"cid":"10542","error":"Converting circular structure to JSON\n    --> starting at object with constructor 'ClientRequest'\n    |     property 'res' -> object with constructor 'IncomingMessage'\n    --- property 'req' closes the circle","level":"error","message":"Error getting Dramabite play end recommendations","requestId":"4a23cc5a-aeb2-40ae-b741-fcc3d72a5ee8","service":"dramabox-api-gateway","timestamp":"2026-03-04T22:47:16.902Z"}
{"error":"Converting circular structure to JSON\n    --> starting at object with constructor 'ClientRequest'\n    |     property 'res' -> object with constructor 'IncomingMessage'\n    --- property 'req' closes the circle","ip":"::1","level":"error","message":"Unhandled error:","method":"GET","service":"dramabox-api-gateway","stack":"TypeError: Converting circular structure to JSON\n    --> starting at object with constructor 'ClientRequest'\n    |     property 'res' -> object with constructor 'IncomingMessage'\n    --- property 'req' closes the circle\n    at JSON.stringify (<anonymous>)\n    at stringify (C:\\Users\\FAHMIO\\Downloads\\Compressed\\dracin-api-gateway\\node_modules\\express\\lib\\response.js:1034:12)\n    at ServerResponse.json (C:\\Users\\FAHMIO\\Downloads\\Compressed\\dracin-api-gateway\\node_modules\\express\\lib\\response.js:245:14)\n    at getPlayEndRecommend (file:///C:/Users/FAHMIO/Downloads/Compressed/dracin-api-gateway/src/controllers/dramabite.controller.js:312:9)\n    at process.processTicksAndRejections (node:internal/process/task_queues:105:5)","timestamp":"2026-03-04T22:47:16.904Z","url":"/dramabite/recommendations?cid=10542"}
{"code":"PGRST202","details":"Searched for the function public.exec_sql with parameter sql or with a single unnamed json/jsonb parameter, but no matches were found in the schema cache.","hint":null,"level":"error","message":"Failed to create api_clients table: Could not find the function public.exec_sql(sql) in the schema cache","service":"dramabox-api-gateway","timestamp":"2026-03-04T23:13:11.866Z"}
{"code":"PGRST202","details":"Searched for the function public.exec_sql with parameter sql or with a single unnamed json/jsonb parameter, but no matches were found in the schema cache.","hint":null,"level":"error","message":"Failed to create api_clients table: Could not find the function public.exec_sql(sql) in the schema cache","service":"dramabox-api-gateway","timestamp":"2026-03-04T23:13:16.153Z"}
{"code":"PGRST202","details":"Searched for the function public.exec_sql with parameter sql or with a single unnamed json/jsonb parameter, but no matches were found in the schema cache.","hint":null,"level":"error","message":"Failed to create api_clients table: Could not find the function public.exec_sql(sql) in the schema cache","service":"dramabox-api-gateway","timestamp":"2026-03-04T23:13:24.302Z"}
{"code":"PGRST202","details":"Searched for the function public.exec_sql with parameter sql or with a single unnamed json/jsonb parameter, but no matches were found in the schema cache.","hint":null,"level":"error","message":"Failed to create api_clients table: Could not find the function public.exec_sql(sql) in the schema cache","service":"dramabox-api-gateway","timestamp":"2026-03-04T23:13:33.756Z"}
{"code":"PGRST202","details":"Searched for the function public.exec_sql with parameter sql or with a single unnamed json/jsonb parameter, but no matches were found in the schema cache.","hint":null,"level":"error","message":"Failed to create api_clients table: Could not find the function public.exec_sql(sql) in the schema cache","service":"dramabox-api-gateway","timestamp":"2026-03-04T23:13:38.817Z"}
{"code":"PGRST202","details":"Searched for the function public.exec_sql with parameter sql or with a single unnamed json/jsonb parameter, but no matches were found in the schema cache.","hint":null,"level":"error","message":"Failed to create api_clients table: Could not find the function public.exec_sql(sql) in the schema cache","service":"dramabox-api-gateway","timestamp":"2026-03-04T23:13:49.309Z"}
{"code":"PGRST202","details":"Searched for the function public.exec_sql with parameter sql or with a single unnamed json/jsonb parameter, but no matches were found in the schema cache.","hint":null,"level":"error","message":"Failed to create api_clients table: Could not find the function public.exec_sql(sql) in the schema cache","service":"dramabox-api-gateway","timestamp":"2026-03-04T23:13:54.539Z"}
{"code":"PGRST202","details":"Searched for the function public.exec_sql with parameter sql or with a single unnamed json/jsonb parameter, but no matches were found in the schema cache.","hint":null,"level":"error","message":"Failed to create api_clients table: Could not find the function public.exec_sql(sql) in the schema cache","service":"dramabox-api-gateway","timestamp":"2026-03-04T23:13:58.214Z"}
{"level":"error","message":"Error creating client:","service":"dramabox-api-gateway","timestamp":"2026-03-04T23:14:09.641Z"}
{"error":"Could not find the table 'public.api_clients' in the schema cache","ip":"::1","level":"error","message":"Unhandled error:","method":"POST","service":"dramabox-api-gateway","timestamp":"2026-03-04T23:14:09.642Z","url":"/admin/clients"}
{"code":"PGRST205","details":null,"hint":null,"level":"error","message":"Failed to insert admin client: Could not find the table 'public.api_clients' in the schema cache","service":"dramabox-api-gateway","timestamp":"2026-03-04T23:14:21.774Z"}
{"code":"PGRST205","details":null,"hint":null,"level":"error","message":"Failed to insert admin client: Could not find the table 'public.api_clients' in the schema cache","service":"dramabox-api-gateway","timestamp":"2026-03-04T23:14:38.173Z"}
{"level":"error","message":"Error creating client:","service":"dramabox-api-gateway","timestamp":"2026-03-04T23:14:43.172Z"}
{"error":"Could not find the table 'public.api_clients' in the schema cache","ip":"::1","level":"error","message":"Unhandled error:","method":"POST","service":"dramabox-api-gateway","timestamp":"2026-03-04T23:14:43.173Z","url":"/admin/clients"}
{"code":"PGRST205","details":null,"hint":null,"level":"error","message":"Failed to insert admin client: Could not find the table 'public.api_clients' in the schema cache","service":"dramabox-api-gateway","timestamp":"2026-03-04T23:14:59.096Z"}
{"code":"PGRST205","details":null,"hint":null,"level":"error","message":"Failed to insert admin client: Could not find the table 'public.api_clients' in the schema cache","service":"dramabox-api-gateway","timestamp":"2026-03-04T23:15:02.779Z"}
{"level":"error","message":"Error creating client:","service":"dramabox-api-gateway","timestamp":"2026-03-04T23:15:07.506Z"}
{"level":"error","message":"Error listing clients:","service":"dramabox-api-gateway","timestamp":"2026-03-04T23:15:13.245Z"}
{"error":"Could not find the table 'public.api_clients' in the schema cache","ip":"::1","level":"error","message":"Unhandled error:","method":"GET","service":"dramabox-api-gateway","timestamp":"2026-03-04T23:15:13.246Z","url":"/admin/clients"}
{"code":"PGRST205","details":null,"hint":null,"level":"error","message":"Failed to insert admin client: Could not find the table 'public.api_clients' in the schema cache","service":"dramabox-api-gateway","timestamp":"2026-03-04T23:15:22.492Z"}
{"level":"error","message":"Error listing clients:","service":"dramabox-api-gateway","timestamp":"2026-03-04T23:15:26.168Z"}
{"code":"PGRST205","details":null,"hint":null,"level":"error","message":"Failed to insert admin client: Could not find the table 'public.api_clients' in the schema cache","service":"dramabox-api-gateway","timestamp":"2026-03-04T23:15:42.191Z"}
{"level":"error","message":"Error listing clients:","service":"dramabox-api-gateway","timestamp":"2026-03-04T23:16:54.358Z"}
{"level":"error","message":"Error listing clients:","service":"dramabox-api-gateway","timestamp":"2026-03-04T23:16:56.716Z"}
{"level":"error","message":"Error creating client:","service":"dramabox-api-gateway","timestamp":"2026-03-04T23:18:37.317Z"}
{"level":"error","message":"Error listing clients:","service":"dramabox-api-gateway","timestamp":"2026-03-04T23:18:42.959Z"}
